Xs = (hello world 123)
Ys = (an other list)
Zs = (hello world 123 an other list)
Ns = (1 2 3 4 5)
Letters.0 = a
Letters.3 = d
after edit: (a b c X e f)
n (length):   6
z (sum):      28
max / min:    9 / 1
f (flip/rev): (3 9 1 8 2 5)
s (sorted):   (1 2 3 5 8 9)
A+B = (5 7 9)
A*B = (4 10 18)
Big[2:5]  = (30 40 50)
Big[3:]   = (40 50 60 70 80 90 100)
Big[:4]   = (10 20 30 40)
Big[0::2] = (10 30 50 70 90)
first: 10   last: 100
[:5]    = (1 2 3 4 5)
[1:5]   = (1 2 3 4 5)
[0:10:2] = (0 2 4 6 8 10)
x..5 = (x x x x x)
