tag of 5     = 0      (T_INT)
tag of 1.0   = 1    (T_FLOAT)
tag of 'a'   = 2    (T_FIXTEXT)
tag of []    = 9     (T_LIST)
tag of No    = 14     (T_NO)

intern_ \handle = 30
intern_ \handle = 30    (idempotent)
H1 = #<handle 100>    (tag=30 gid=100)
H2 = #<handle 200>    (tag=30 gid=200)
same tag?  1
different gid?  1

Fd1 = fd:3    W1 = win:3    -- same gid, distinct types
  same gid?  1    (yes: both 3)
  same tag?  0    (no: different types)

Fd1.name = /proc/self/fd/3

P = (3,4)    tag=33    gid=33482496
is_point? 1    (auto-generated by `type`)

  E#1  name=Hero  hp=100
  E#2  name=Goblin  hp=25
  E#3  name=Dragon  hp=500
