first odd >= 4 in 1..9:
  found: 5

11
No

ok deduction: 70
blocked: overdraft: tried 9999, have 70
blocked: amount must be non-negative
balance after attempts: 70

sum_until_neg (1 2 3 4 5) = 15
sum_until_neg (1 2 -7 4 5) = 3

first int in nested tree: 42
first int in flat list:   No
Stack Trace:
  0000000000000000:rterr_:0,0,builtin
  0000000000000000:bad:761,10,C:/Users/nangl/d/code/som/symta/src/core_.s
  0000000000000000:withdraw:59,24,examples/23-control.s
  0000000000000000:unnamed:73,9,examples/23-control.s
  0000000000000000:list.apply:0,0,builtin
  0000000000000000:fn.():85,12,C:/Users/nangl/d/code/som/symta/src/core_.s
  0000000000000000:unnamed:1124,20,C:/Users/nangl/d/code/som/symta/src/core_.s
  0000000000000000:list.apply:0,0,builtin
  0000000000000000:fn.():85,12,C:/Users/nangl/d/code/som/symta/src/core_.s
  0000000000000000:btland:1115,9,C:/Users/nangl/d/code/som/symta/src/core_.s
  0000000000000000:btrap:1124,8,C:/Users/nangl/d/code/som/symta/src/core_.s
  0000000000000000:<toplevel>:24,0,examples/23-control.s
  0000000000000000:sif_eval_:0,0,builtin
  0000000000000000:unnamed:227,11,C:/Users/nangl/d/code/som/symta/src/eval.s
  0000000000000000:list.apply:0,0,builtin
  0000000000000000:fn.():85,12,C:/Users/nangl/d/code/som/symta/src/core_.s
  0000000000000000:unnamed:1124,20,C:/Users/nangl/d/code/som/symta/src/core_.s
  0000000000000000:list.apply:0,0,builtin
  0000000000000000:fn.():85,12,C:/Users/nangl/d/code/som/symta/src/core_.s
  0000000000000000:btland:1115,9,C:/Users/nangl/d/code/som/symta/src/core_.s
  0000000000000000:btrap:1124,8,C:/Users/nangl/d/code/som/symta/src/core_.s
  0000000000000000:eval_file:209,78,C:/Users/nangl/d/code/som/symta/src/eval.s
  0000000000000000:<toplevel>:6,12,./src/go.s
Stack Trace:
  0000000000000000:rterr_:0,0,builtin
  0000000000000000:bad:761,10,C:/Users/nangl/d/code/som/symta/src/core_.s
  0000000000000000:withdraw:59,24,examples/23-control.s
  0000000000000000:unnamed:78,10,examples/23-control.s
  0000000000000000:list.apply:0,0,builtin
  0000000000000000:fn.():85,12,C:/Users/nangl/d/code/som/symta/src/core_.s
  0000000000000000:unnamed:1124,20,C:/Users/nangl/d/code/som/symta/src/core_.s
  0000000000000000:list.apply:0,0,builtin
  0000000000000000:fn.():85,12,C:/Users/nangl/d/code/som/symta/src/core_.s
  0000000000000000:btland:1115,9,C:/Users/nangl/d/code/som/symta/src/core_.s
  0000000000000000:btrap:1124,8,C:/Users/nangl/d/code/som/symta/src/core_.s
  0000000000000000:<toplevel>:24,0,examples/23-control.s
  0000000000000000:sif_eval_:0,0,builtin
  0000000000000000:unnamed:227,11,C:/Users/nangl/d/code/som/symta/src/eval.s
  0000000000000000:list.apply:0,0,builtin
  0000000000000000:fn.():85,12,C:/Users/nangl/d/code/som/symta/src/core_.s
  0000000000000000:unnamed:1124,20,C:/Users/nangl/d/code/som/symta/src/core_.s
  0000000000000000:list.apply:0,0,builtin
  0000000000000000:fn.():85,12,C:/Users/nangl/d/code/som/symta/src/core_.s
  0000000000000000:btland:1115,9,C:/Users/nangl/d/code/som/symta/src/core_.s
  0000000000000000:btrap:1124,8,C:/Users/nangl/d/code/som/symta/src/core_.s
  0000000000000000:eval_file:209,78,C:/Users/nangl/d/code/som/symta/src/eval.s
  0000000000000000:<toplevel>:6,12,./src/go.s
