ranges:
  20 down -10 step 2 = (20 18 16 14 12 10 8 6 4 2 0 -2 -4 -6 -8 -10)
  alpha range a..e   = (a b c d e)
  1..9               = (1 2 3 4 5 6 7 8 9)
Xs               = (10 20 30 40 50 60 70 80)
Xs index 3       = 40
Xs index 1+2     = 40
Xs empty (.end)  = 0
Xs three indices    = (10 30 60)
Xs spread index list = (20 40 60)
Xs slice 2..5    = (30 40 50)
Xs drop first 3  = (40 50 60 70 80)
Xs take first 3  = (10 20 30)
Xs full copy     = (10 20 30 40 50 60 70 80)
Xs last          = 80
Xs lead          = (10 20 30 40 50 60 70)
Xs reversed lead = (70 60 50 40 30 20 10)
Xs last as list  = (80)
Xs step 2          = (10 30 50 70)
Xs reverse step 2  = (70 50 30 10)
Xs replace at 2     = (10 20 99 40 50 60 70 80)
Xs replace two pos  = (10 99 30 88 50 60 70 80)
Xs replace ends     = (99 20 30 40 50 60 70 11)
Xs insert at 2: (10 20 99 30 40 50 60 70 80)
Xs error-suppress 9   = No
Xs error-suppress 100 = No
Xs error-suppress 2   = 30
T two keys       = (Nancy 37)
T all three keys = (Nancy 37 Amsterdam)
path rewrite: /usr/local/hello
python-comparison slices:
  start 0 end 6 step 1 -> (1 2 3 4 5 6)
  start 0 end 7 step 1 -> (1 2 3 4 5 6 7)
  start 0 end 6 step 2 -> (1 3 5)
  start 1 end 6 step 2 -> (2 4 6)
  start 1 end 7 step 2 -> (2 4 6)
