header:    (name age city salary)
row count: 4

ages:      (30 25 28 40)
total age: 123
mean age:  30

rows with age >= 28:
  (alice `30` Utrecht `50000`)
  (carol `28` Amsterdam `60000`)
  (dave `40` Rotterdam `55000`)

name, monthly salary:
  alice: 4166
  bob: 3750
  carol: 5000
  dave: 4583

rows with tax column appended:
  (alice `30` Utrecht `50000` 15000)
  (bob `25` Berlin `45000` 13500)
  (carol `28` Amsterdam `60000` 18000)
  (dave `40` Rotterdam `55000` 16500)

--- re-emitted CSV ---
name,age,city,salary,tax
alice,30,Utrecht,50000,15000
bob,25,Berlin,45000,13500
carol,28,Amsterdam,60000,18000
dave,40,Rotterdam,55000,16500

map (?-form):               (13 11 14 11 15 19 12 16)
map (named fn via &):       (9 1 16 1 25 81 4 36)
filter (:Cond):             (4 5 9 6)
drop (Cond=):               (4 5 9 6)
pairwise rewrite (A B=):    (4 5 14 8)
destructure pair list:      (`0:3` `1:1` `2:4` `3:1` `4:5` `5:9` `6:2` `7:6`)
auto-closure freq table:    @{w!1 ` `!1 h!1 l!3 d!1 o!2 e!1 r!1}
multi-clause REFAL:         (1 2 Fizz 4 Buzz Fizz 7 8 Fizz Buzz 11 Fizz 13 14 FizzBuzz)
empty body -> getter fn:    1
