document:
(book (title Symta) (author `Nancy Sadkov`) (year `2026`) (tag language) (tag lisp) (tag rewriting))

tag children:
  - language
  - lisp
  - rewriting

title:  Symta
year:   2026
author: Nancy Sadkov

after renaming tag -> keyword:
(book (title Symta) (author `Nancy Sadkov`) (year `2026`) (keyword language) (keyword lisp) (keyword rewriting))

after adding publisher:
(book (title Symta) (author `Nancy Sadkov`) (year `2026`) (keyword language) (keyword lisp) (keyword rewriting) (publisher self))

--- re-emitted XML ---
<book><title>Symta</title><author>Nancy Sadkov</author><year>2026</year><keyword>language</keyword><keyword>lisp</keyword><keyword>rewriting</keyword><publisher>self</publisher></book>

every text in T3:
  - Symta
  - Nancy Sadkov
  - 2026
  - language
  - lisp
  - rewriting
  - self
