shape predicates:
  three-elem matched by (:_ _ _): 1
  two-elem matched by (:_ _ _):   0
match-with-default:
  three-elem (_ _ _=1): 1
  two-elem   (_ _ _=1): (1 2)
atom replacement:
  bad (bad=\good): good
  xyz (bad=\good): xyz
atom replacement with default:
  bad (123:bad=\good): good
  xyz (123:bad=\good): 123
list destructure:
  (10 20 30 40)(_@~)    = (20 30 40)
  (10 20)(~ ~)          = (10 20)
  (10 20 30 40)(~ ~)    = No
  (10 20 30 40)(_ ~ ~@) = (20 30)
factorial 1..9 (via recursive pattern): 362880
path split on '/': (`` usr local bin)
flatten nested tree: (1 2 3 4 5)
replace hate with love: (love (a love) love b)
ints > 100 in tree: (200 300 500)
any > 3?  1
any > 9?  0
index of \d in (a b c d e f): 3
index of \d in (a b c e f):   No
first [3 _] pair in [:9].i: (3 4)
after stripping [3 4]:        No
all g?  (eight gs):       (g g g g g g g g)
all g?  (one f mixed in): 0
drop first 3:        (4 5)
drop last 2:         (1 2 3)
drop ends (1 and 1): (2 3 4)
first elem: 10
rest:       (20 30)
